C51 COMPILER V9.00   GAME                                                                  06/13/2013 19:58:55 PAGE 1   


C51 COMPILER V9.00, COMPILATION OF MODULE GAME
OBJECT MODULE PLACED IN game.OBJ
COMPILER INVOKED BY: F:\Keil\C51\BIN\C51.EXE game.c BROWSE DEBUG OBJECTEXTEND

line level    source

   1          #include <head.h>
   2          
   3          unsigned char people_x;
   4          unsigned char people_y;
   5          unsigned char wall_x[9]={7,6,9,8,5,2,3,4,11},wall_y[9] = {2,3,3,8,7,4,8,5,7};//box的位置
   6          bit gameormotor;
   7          unsigned head; 
   8          
   9          
  10          
  11          
  12          //--------------------game-----------------
  13          void page_game()
  14          {       
  15   1              int x=0,y=0;
  16   1              Enable_area(3);    //使能组为3
  17   1              
  18   1              Display_BMP(0,0,45);    //背景
  19   1              Time_delay(200);
  20   1      
  21   1              
  22   1              //Display_BMP_default(0,0,6);//64*64
  23   1              
  24   1              for(x=0;x<=319;x=x+16)             //写满背景
  25   1              {
  26   2                      for(y=0;y<=239;y=y+16)
  27   2                      Display_BMP(x,y,31);//white
  28   2              }
  29   1              
  30   1              Display_BMP(0,0,27);  //up 
  31   1              Display_BMP(0,208,28);  //down
  32   1              Display_BMP(0,0,29);//left
  33   1              Display_BMP(288,0,30);//right
  34   1              Display_BMP(260,209,14); //go back pic  
  35   1      
  36   1              Set_area(30,260,210,320,240,3,1); //返回按键区域触摸
  37   1      
  38   1              Set_area(31,32,0,288,32,3,1);      //up按键区域触摸
  39   1      
  40   1              Set_area(32,32,208,288,240,3,1);  //down按键区域触摸
  41   1      
  42   1              Set_area(33,0,32,32,208,3,1);  //left按键区域触摸
  43   1      
  44   1              Set_area(34,288,32,320,208,3,1);  //right按键区域触摸
  45   1              //void Set_area(unsigned char key_value, unsigned int X1, unsigned int Y1,
  46   1              //                              unsigned int X2, unsigned int Y2, unsigned char group, unsigned char type)
  47   1      
  48   1              //初始化
  49   1      
  50   1              
  51   1              for(x=1;x<=16;x++)
  52   1              {
  53   2                      Display_BMP(x*16+16,1*16+16,32);//wall
  54   2                      Display_BMP(x*16+16,11*16+16,32);//wall 
  55   2      
C51 COMPILER V9.00   GAME                                                                  06/13/2013 19:58:55 PAGE 2   

  56   2              }
  57   1              for(y=1;y<=11;y++)
  58   1              {
  59   2                      Display_BMP(1*16+16,y*16+16,32);//wall
  60   2                      Display_BMP(16*16+16,y*16+16,32); //wall
  61   2              }
  62   1      
  63   1              Display_BMP(16*16+16,6*16+16,43); //destnation
  64   1      
  65   1              Display_BMP(7*16+16,2*16+16,32);//wall
  66   1              Display_BMP(6*16+16,3*16+16,32);//wall
  67   1              Display_BMP(9*16+16,3*16+16,32);//wall
  68   1              Display_BMP(8*16+16,8*16+16,32);//wall
  69   1              Display_BMP(5*16+16,7*16+16,32);//wall
  70   1              Display_BMP(2*16+16,4*16+16,32);//wall
  71   1              Display_BMP(3*16+16,8*16+16,32);//wall
  72   1              Display_BMP(4*16+16,5*16+16,32);//wall
  73   1              Display_BMP(11*16+16,7*16+16,32);//wall
  74   1      
  75   1              Display_BMP(7*16+16,4*16+16,33);//people_red
  76   1              people_x = 7;
  77   1              people_y = 4;
  78   1      }
  79          
  80          void LCD_key30()  //back button
  81          {       
  82   1              if(Receive_Memory[2]==1)//释放
  83   1              {
  84   2              
  85   2              }
  86   1              if (Receive_Memory[2]==2)//按下
  87   1              {
  88   2                      page_home();
  89   2              }
  90   1      }
  91          
  92          void LCD_key31()  //up
  93          {       
  94   1              if(Receive_Memory[2]==1)//释放
  95   1              {
  96   2                      
  97   2                              
  98   2              }
  99   1              else if (Receive_Memory[2]==2)//按下
 100   1              {       unsigned char a;
 101   2                      head = 1;
 102   2                      a = compare();
 103   2                      while(a==2)     //go on
 104   2                      {
 105   3                              Display_BMP(people_x*16+16,people_y*16+16,31);//white
 106   3                              people_y--;
 107   3                              Display_BMP(people_x*16+16,people_y*16+16,33);//people_red
 108   3                              a = compare();
 109   3      
 110   3                      }
 111   2                      if(a==0) //win
 112   2                      {       Display_BMP(people_x*16+16,people_y*16+16,31);//white
 113   3                              people_y--;
 114   3                              Display_BMP(people_x*16+16,people_y*16+16,33);
 115   3                              Display_BMP_default(0,60,44);
 116   3                              Time_delay(400);
 117   3                              page_home();
C51 COMPILER V9.00   GAME                                                                  06/13/2013 19:58:55 PAGE 3   

 118   3                      
 119   3                      
 120   3                      }
 121   2                      else if(a==1) //stop
 122   2                      { ;
 123   3                      }
 124   2      
 125   2                      
 126   2              }
 127   1      }
 128          
 129          
 130          void LCD_key32()  //down
 131          {       
 132   1              if(Receive_Memory[2]==1)//释放
 133   1              {
 134   2              //      page_home();
 135   2              }
 136   1              if (Receive_Memory[2]==2)//按下
 137   1              {       unsigned char a;
 138   2                      head = 2;
 139   2                      a = compare();
 140   2                      while(a==2)     //go on
 141   2                      {
 142   3                              Display_BMP(people_x*16+16,people_y*16+16,31);//white
 143   3                              people_y++;
 144   3                              Display_BMP(people_x*16+16,people_y*16+16,33);//people_red
 145   3                              a = compare();
 146   3      
 147   3                      }
 148   2                      if(a==0) //win
 149   2                      {       Display_BMP(people_x*16+16,people_y*16+16,31);//white
 150   3                              people_y++;
 151   3                              Display_BMP(people_x*16+16,people_y*16+16,33);
 152   3                              Display_BMP_default(0,60,44);
 153   3                              Time_delay(500);
 154   3                              page_home();
 155   3                      
 156   3                      
 157   3                      }
 158   2                      else if(a==1) //stop
 159   2                      { ;
 160   3                      }
 161   2                      
 162   2              }
 163   1      }
 164          
 165          void LCD_key33()  //left
 166          {       
 167   1              if(Receive_Memory[2]==1)//释放
 168   1              {
 169   2              //      page_home();
 170   2              }
 171   1              if (Receive_Memory[2]==2)//按下
 172   1              {
 173   2                      unsigned char a;
 174   2                      head = 3;
 175   2                      a = compare();
 176   2                      while(a==2)     //go on
 177   2                      {
 178   3                              Display_BMP(people_x*16+16,people_y*16+16,31);//white
 179   3                              people_x--;
C51 COMPILER V9.00   GAME                                                                  06/13/2013 19:58:55 PAGE 4   

 180   3                              Display_BMP(people_x*16+16,people_y*16+16,33);//people_red
 181   3                              a = compare();
 182   3      
 183   3                      }
 184   2                      if(a==0) //win
 185   2                      {       Display_BMP(people_x*16+16,people_y*16+16,31);//white
 186   3                              people_x--;
 187   3                              Display_BMP(people_x*16+16,people_y*16+16,33);
 188   3                              Display_BMP_default(0,60,44);
 189   3                              Time_delay(400);
 190   3                              page_home();
 191   3                      
 192   3                      
 193   3                      }
 194   2                      else if(a==1) //stop
 195   2                      { ;
 196   3                      }
 197   2                      
 198   2              }
 199   1      }
 200          
 201          void LCD_key34()  //right
 202          {       
 203   1              if(Receive_Memory[2]==1)//释放
 204   1              {
 205   2              //      page_home();
 206   2              }
 207   1              if (Receive_Memory[2]==2)//按下
 208   1              {
 209   2                      unsigned char a;
 210   2                      head = 4;
 211   2                      a = compare();
 212   2                      while(a==2)     //go on
 213   2                      {
 214   3                              Display_BMP(people_x*16+16,people_y*16+16,31);//white
 215   3                              people_x++;
 216   3                              Display_BMP(people_x*16+16,people_y*16+16,33);//people_red
 217   3                              a = compare();
 218   3      
 219   3                      }
 220   2                      if(a==0) //win
 221   2                      {       Display_BMP(people_x*16+16,people_y*16+16,31);//white
 222   3                              people_x++;
 223   3                              Display_BMP(people_x*16+16,people_y*16+16,33);
 224   3                              Display_BMP_default(0,60,44);
 225   3                              Time_delay(500);
 226   3                              page_home();
 227   3                      
 228   3                      }
 229   2                      else if(a==1) //stop
 230   2                      { ;
 231   3                      }
 232   2                      
 233   2              }
 234   1      }
 235          
 236          unsigned char compare()
 237          {
 238   1              if(head==4&&people_x+1==16&&people_y==6)
 239   1                      return(0);
 240   1              else if(head==1)
 241   1                      {
C51 COMPILER V9.00   GAME                                                                  06/13/2013 19:58:55 PAGE 5   

 242   2                              if(people_y-1==1)
 243   2                              {
 244   3                                      return(1);
 245   3                              }
 246   2                              else if(equal())
 247   2                                              {
 248   3                                                      return(1);
 249   3                                              }
 250   2                                              else 
 251   2                                              {
 252   3                                                      return(2);
 253   3                                              }
 254   2                      }
 255   1                      else if(head==2)
 256   1                              {
 257   2                                      if(people_y+1==11)
 258   2                                      {
 259   3                                              return(1);
 260   3                                      }
 261   2                                      else if(equal())
 262   2                                              {
 263   3                                                      return(1);
 264   3                                              }
 265   2                                              else 
 266   2                                              {
 267   3                                                      return(2);
 268   3                                              }
 269   2                              }
 270   1                              else if(head==3)
 271   1                                      {
 272   2                                              if(people_x-1==1)
 273   2                                              return(1);
 274   2                                              else if(equal())
 275   2                                                      {
 276   3                                                              return(1);
 277   3                                                      }
 278   2                                                       else
 279   2                                                       {
 280   3                                                              return(2);
 281   3                                                       }
 282   2                                              
 283   2                                      }
 284   1                                      else if(head==4)
 285   1                                              {
 286   2                                                      if(people_x+1==16)
 287   2                                                      return(1);
 288   2                                                      else if(equal())
 289   2                                                              {
 290   3                                                                      return(1);
 291   3                                                              }
 292   2                                                              else
 293   2                                                              {
 294   3                                                                      return(2);
 295   3                                                              }
 296   2                                              }
 297   1                                      else return(1);
 298   1      }
 299           unsigned char equal()
 300           {int i;
 301   1              if(head==1)
 302   1              {for(i=0;i<=8;i++)
 303   2                      {
C51 COMPILER V9.00   GAME                                                                  06/13/2013 19:58:55 PAGE 6   

 304   3                              if(people_x==wall_x[i]&&people_y-1==wall_y[i])
 305   3                              {
 306   4                                      return(1);
 307   4                              }
 308   3                      }
 309   2              return(0);
 310   2              }
 311   1              else if(head==2)
 312   1              {for(i=0;i<=8;i++)
 313   2                      {
 314   3                              if(people_x==wall_x[i]&&people_y+1==wall_y[i])
 315   3                              {
 316   4                                      return(1);
 317   4                              }
 318   3                      }
 319   2              return(0);
 320   2              }
 321   1              else if(head==3)
 322   1              {for(i=0;i<=8;i++)
 323   2                      {
 324   3                              if(people_x-1==wall_x[i]&&people_y==wall_y[i])
 325   3                              {
 326   4                                      return(1);
 327   4                              }
 328   3                      }
 329   2              return(0);
 330   2              }
 331   1              else if(head==4)
 332   1              {for(i=0;i<=8;i++)
 333   2                      {
 334   3                              if(people_x+1==wall_x[i]&&people_y==wall_y[i])
 335   3                              {
 336   4                                      return(1);
 337   4                              }
 338   3                      }
 339   2              return(0);
 340   2              }
 341   1      
 342   1              else return(1);
 343   1      
 344   1      
 345   1      }


MODULE INFORMATION:   STATIC OVERLAYABLE
   CODE SIZE        =   1927    ----
   CONSTANT SIZE    =   ----    ----
   XDATA SIZE       =   ----    ----
   PDATA SIZE       =   ----    ----
   DATA SIZE        =     22       8
   IDATA SIZE       =   ----    ----
   BIT SIZE         =      1    ----
END OF MODULE INFORMATION.


C51 COMPILATION COMPLETE.  0 WARNING(S),  0 ERROR(S)
