C51 COMPILER V9.00   MAIN                                                                  06/13/2013 19:58:52 PAGE 1   


C51 COMPILER V9.00, COMPILATION OF MODULE MAIN
OBJECT MODULE PLACED IN main.OBJ
COMPILER INVOKED BY: F:\Keil\C51\BIN\C51.EXE main.c BROWSE DEBUG OBJECTEXTEND

line level    source

   1          #include <head.h>
   2          
   3          
   4          void main(void)
   5          {
   6   1      
   7   1              
   8   1              LCD_RST = 0;             //控制模块复位
   9   1      
  10   1              Time_delay(20);
  11   1      
  12   1              LCD_RST = 1;
  13   1      
  14   1              Time_delay(20);
  15   1              
  16   1              UART_Initial();                 //初始化 UART
  17   1      
  18   1              clear_LCD(backcolor);      //清屏
  19   1      
  20   1              set_backlight(200);                //背光缓亮到300
  21   1      
  22   1              page_home();
  23   1      }


MODULE INFORMATION:   STATIC OVERLAYABLE
   CODE SIZE        =     36    ----
   CONSTANT SIZE    =   ----    ----
   XDATA SIZE       =   ----    ----
   PDATA SIZE       =   ----    ----
   DATA SIZE        =   ----    ----
   IDATA SIZE       =   ----    ----
   BIT SIZE         =   ----    ----
END OF MODULE INFORMATION.


C51 COMPILATION COMPLETE.  0 WARNING(S),  0 ERROR(S)
