C51 COMPILER V9.00   UART_INIT                                                             06/13/2013 19:58:53 PAGE 1   


C51 COMPILER V9.00, COMPILATION OF MODULE UART_INIT
OBJECT MODULE PLACED IN uart_init.OBJ
COMPILER INVOKED BY: F:\Keil\C51\BIN\C51.EXE uart_init.c BROWSE DEBUG OBJECTEXTEND

line level    source

   1          #include <head.h>
   2          
   3                   unsigned char Send_Flag = 0;         //用于标识UART发送忙
   4                   
   5                   unsigned char Receive_Flag = 0;      //用于标识UART接收忙
   6                   
   7                   unsigned char Send_Check = 0;        //用于暂存发送数据和校验值
   8                   
   9                   unsigned char Receive_Check = 0;     //用于暂存接收数据和校验值
  10          
  11                   
  12          
  13          /***********************接受发送初始化***********************/
  14          
  15                  void UART_Initial(void)   //UART初始化
  16                  {
  17   1               
  18   1                  SCON = 0x50;          //UART 方式1 单机对单机
  19   1                      
  20   1                      TMOD = 0x21;          //T1工作为方式2
  21   1                      
  22   1                      TH1  = 0xfd;
  23   1                      
  24   1                      TL1  = 0xfd;          //11.0592MHz的晶振时，UART波特率为9600
  25   1                      
  26   1                      TR1  = 1;             //使能Timer1，为UART提供时钟
  27   1                      
  28   1                      ES   = 1;             //允许UART中断
  29   1                      
  30   1                      EA   = 1;             //使能全局中断
  31   1      
  32   1                      IE = 0x92;
  33   1                      
  34   1              }
  35                  
  36                  
  37                  void UART(void) interrupt 4   //中断服务子程序，中断4
  38                  {
  39   1                  if(RI)   //接收成功
  40   1                      {
  41   2                         RI = 0;
  42   2                         
  43   2                         Receive_Flag = 0;
  44   2                      }
  45   1                      else     //发送成功
  46   1                      {
  47   2                         TI = 0;
  48   2                         
  49   2                         Send_Flag = 0;
  50   2                      }
  51   1              }
  52                  
  53          
  54                  void UART_SendPacked_S(unsigned char Dat)
  55                  { 
C51 COMPILER V9.00   UART_INIT                                                             06/13/2013 19:58:53 PAGE 2   

  56   1                  while(Send_Flag);             //等待上次发送完成
  57   1                      
  58   1                      Send_Flag = 1;                //置位标识，发送完成后，会在中断清零
  59   1                      
  60   1                      SBUF = Dat;                   //发送数据
  61   1              }
  62                  
  63                  void UART_SendPacked_D(unsigned char Dat)
  64                  {
  65   1                  while(Send_Flag);             //等待上次发送完成
  66   1                      
  67   1                      Send_Flag = 1;                //置位标识，发送完成后，会在中断清零
  68   1                      
  69   1                      SBUF = Dat;                   //发送数据
  70   1                      
  71   1                      Send_Check = Send_Check+Dat;  //将发送的数据累加到校验值当中 
  72   1              }
  73                  
  74                  
  75          /*      unsigned char game_ReceivePacked_D()
  76                  {
  77                          while(Receive_Flag)
  78                          {  
  79                          LED0 =0;
  80                          
  81                          snake_nextstate();
  82                          snake_draw();
  83                          Time_delay(200);
  84                          }
  85                          
  86                          Receive_Flag = 1;
  87                          LED1 =0;
  88                          return(SBUF);
  89                  
  90                  } */
  91          
  92                  
  93                  
  94                  unsigned char UART_ReceivePacked_D()
  95                  {
  96   1                  
  97   1                      while(Receive_Flag);
  98   1                      
  99   1                      Receive_Flag = 1;
 100   1                      
 101   1                      return(SBUF);
 102   1      
 103   1              }
 104                  
 105                  
 106                  
 107                  void Time_delay(unsigned int Timer)
 108                  {
 109   1                  unsigned int i = 0;
 110   1                      
 111   1                      while(Timer)
 112   1                      {
 113   2                         for(i=0;i<707;i++);
 114   2                         
 115   2                         Timer--;
 116   2                      }
 117   1              }
C51 COMPILER V9.00   UART_INIT                                                             06/13/2013 19:58:53 PAGE 3   

 118                  
 119                  void Input_data(unsigned int X)                 //输入16位数据，先高八位，后低八位
 120                  {
 121   1                      unsigned int X_High,X_Low;                      
 122   1                      
 123   1                      X_High = X>>8;                                          //移位，获取高八位数据
 124   1                      
 125   1                      X_Low = X%256;                                          //取余，获取低八位数据                          
 126   1                      
 127   1                      UART_SendPacked_D(X_High);                                              //送入高八位
 128   1                      
 129   1                      UART_SendPacked_D(X_Low);                                               //送入低八位
 130   1              
 131   1              }
 132          
 133                  void Input_position(unsigned int X,unsigned int Y)   //输入坐标信息
 134                  {
 135   1                  Input_data(X);
 136   1                      
 137   1                      Input_data(Y);
 138   1                      
 139   1              }


MODULE INFORMATION:   STATIC OVERLAYABLE
   CODE SIZE        =    128    ----
   CONSTANT SIZE    =   ----    ----
   XDATA SIZE       =   ----    ----
   PDATA SIZE       =   ----    ----
   DATA SIZE        =      4    ----
   IDATA SIZE       =   ----    ----
   BIT SIZE         =   ----    ----
END OF MODULE INFORMATION.


C51 COMPILATION COMPLETE.  0 WARNING(S),  0 ERROR(S)
